<?xml version="1.0" encoding="UTF-8"?>
<!-- Generated by org.testng.reporters.JUnitReportReporter -->
<testsuite hostname="DESKTOP-OH8IUHA" failures="0" tests="3" name="com.hrsAPI.test.HrsApiTest" time="17.047" errors="0" timestamp="2023-07-05T13:18:53 IST" skipped="0">
  <testcase classname="com.hrsAPI.test.HrsApiTest" name="verifyMedicationMasterListPulledFromGatewayEndpoint" time="7.920"/>
  <system-out/>
  <testcase classname="com.hrsAPI.test.HrsApiTest" name="verifyNewMedicationFromEMRModalNotificationsReconciled" time="4.350"/>
  <system-out/>
  <testcase classname="com.hrsAPI.test.HrsApiTest" name="verifyEndpointTestingConfirmAllMedGatewayEndpointsareExposed" time="4.777"/>
  <system-out/>
</testsuite> <!-- com.hrsAPI.test.HrsApiTest -->
