<?xml version="1.0" encoding="UTF-8"?>
<!-- Generated by org.testng.reporters.JUnitReportReporter -->
<testsuite hostname="DESKTOP-OH8IUHA" failures="0" tests="5" name="com.hrs.test.ClinicianConnect" time="334.636" errors="0" timestamp="2023-07-05T13:18:53 IST" skipped="0">
  <testcase classname="com.hrs.test.ClinicianConnect" name="verifyPatientListGeneralDetailsDisplay" time="74.319"/>
  <system-out/>
  <testcase classname="com.hrs.test.ClinicianConnect" name="verifyMetricsTabGeneralDisplay" time="176.989"/>
  <system-out/>
  <testcase classname="com.hrs.test.ClinicianConnect" name="verifyAddReminderModalGeneralDisplay" time="22.840"/>
  <system-out/>
  <testcase classname="com.hrs.test.ClinicianConnect" name="verifyAddMedicationFrequencyOnceDaily" time="20.595"/>
  <system-out/>
  <testcase classname="com.hrs.test.ClinicianConnect" name="verifyPatientConnectMobileLoginCodesLoggingIntoPCM" time="39.893"/>
  <system-out/>
</testsuite> <!-- com.hrs.test.ClinicianConnect -->
